<?xml version="1.0" encoding="utf-8"?><testsuites name="pytest tests"><testsuite name="pytest" errors="0" failures="0" skipped="0" tests="18" time="15.834" timestamp="2026-07-27T05:44:45.973811+00:00" hostname="agent-env-ed72b2e6-3ee2-4c49-922f-51d18ebe9da0"><testcase classname="tests.backend_test" name="test_health" time="0.259" /><testcase classname="tests.backend_test" name="test_contact_create_and_list" time="0.094" /><testcase classname="tests.backend_test" name="test_appointment_create" time="0.071" /><testcase classname="tests.backend_test" name="test_quote_estimation[premium-3500-5500]" time="0.057" /><testcase classname="tests.backend_test" name="test_quote_estimation[luxury-5500-9000]" time="0.045" /><testcase classname="tests.backend_test" name="test_quote_estimation[ultra_luxury-9000-18000]" time="0.045" /><testcase classname="tests.backend_test" name="test_register_duplicate" time="0.317" /><testcase classname="tests.backend_test" name="test_login_valid" time="0.274" /><testcase classname="tests.backend_test" name="test_login_invalid" time="0.267" /><testcase classname="tests.backend_test" name="test_me_with_token" time="0.059" /><testcase classname="tests.backend_test" name="test_me_missing_token" time="0.044" /><testcase classname="tests.backend_test" name="test_me_invalid_token" time="0.044" /><testcase classname="tests.backend_test" name="test_client_projects_seeds" time="0.057" /><testcase classname="tests.backend_test" name="test_client_projects_unauth" time="0.045" /><testcase classname="tests.backend_test" name="test_blog_list" time="0.048" /><testcase classname="tests.backend_test" name="test_blog_detail" time="0.090" /><testcase classname="tests.backend_test" name="test_blog_unknown" time="0.044" /><testcase classname="tests.backend_test" name="test_ai_consult_stream" time="13.129" /></testsuite></testsuites>